# JRE version: OpenJDK Runtime Environment (11.0.13) (build 11.0.13+0-b1751.21-8125866)
# Java VM: OpenJDK 64-Bit Server VM (11.0.13+0-b1751.21-8125866, mixed mode, tiered, compressed oops, g1 gc, windows-amd64)
Heap:
 garbage-first heap   total 262144K, used 156636K [0x0000000080000000, 0x0000000100000000)
  region size 1024K, 13 young (13312K), 5 survivors (5120K)
 Metaspace       used 95122K, capacity 97494K, committed 97780K, reserved 1134592K
  class space    used 12069K, capacity 12884K, committed 12928K, reserved 1048576K
GC Heap History (20 events):
Event: 4.316 GC heap before
{Heap before GC invocations=6 (full 0):
 garbage-first heap   total 262144K, used 179262K [0x0000000080000000, 0x0000000100000000)
  region size 1024K, 126 young (129024K), 10 survivors (10240K)
 Metaspace       used 46260K, capacity 47388K, committed 47664K, reserved 1091584K
  class space    used 5797K, capacity 6245K, committed 6272K, reserved 1048576K
}
Event: 4.325 GC heap after
{Heap after GC invocations=7 (full 0):
 garbage-first heap   total 262144K, used 68269K [0x0000000080000000, 0x0000000100000000)
  region size 1024K, 14 young (14336K), 14 survivors (14336K)
 Metaspace       used 46260K, capacity 47388K, committed 47664K, reserved 1091584K
  class space    used 5797K, capacity 6245K, committed 6272K, reserved 1048576K
}
Event: 5.394 GC heap before
{Heap before GC invocations=7 (full 0):
 garbage-first heap   total 262144K, used 196269K [0x0000000080000000, 0x0000000100000000)
  region size 1024K, 131 young (134144K), 14 survivors (14336K)
 Metaspace       used 51722K, capacity 53263K, committed 53424K, reserved 1095680K
  class space    used 6596K, capacity 7147K, committed 7168K, reserved 1048576K
}
Event: 5.405 GC heap after
{Heap after GC invocations=8 (full 0):
 garbage-first heap   total 262144K, used 86542K [0x0000000080000000, 0x0000000100000000)
  region size 1024K, 11 young (11264K), 11 survivors (11264K)
 Metaspace       used 51722K, capacity 53263K, committed 53424K, reserved 1095680K
  class space    used 6596K, capacity 7147K, committed 7168K, reserved 1048576K
}
Event: 5.996 GC heap before
{Heap before GC invocations=8 (full 0):
 garbage-first heap   total 262144K, used 141838K [0x0000000080000000, 0x0000000100000000)
  region size 1024K, 65 young (66560K), 11 survivors (11264K)
 Metaspace       used 57939K, capacity 59631K, committed 59696K, reserved 1101824K
  class space    used 7373K, capacity 8030K, committed 8064K, reserved 1048576K
}
Event: 6.006 GC heap after
{Heap after GC invocations=9 (full 0):
 garbage-first heap   total 262144K, used 91822K [0x0000000080000000, 0x0000000100000000)
  region size 1024K, 4 young (4096K), 4 survivors (4096K)
 Metaspace       used 57939K, capacity 59631K, committed 59696K, reserved 1101824K
  class space    used 7373K, capacity 8030K, committed 8064K, reserved 1048576K
}
Event: 7.092 GC heap before
{Heap before GC invocations=10 (full 0):
 garbage-first heap   total 262144K, used 210606K [0x0000000080000000, 0x0000000100000000)
  region size 1024K, 113 young (115712K), 4 survivors (4096K)
 Metaspace       used 68847K, capacity 70688K, committed 71028K, reserved 1112064K
  class space    used 8713K, capacity 9374K, committed 9472K, reserved 1048576K
}
Event: 7.098 GC heap after
{Heap after GC invocations=11 (full 0):
 garbage-first heap   total 262144K, used 98765K [0x0000000080000000, 0x0000000100000000)
  region size 1024K, 11 young (11264K), 11 survivors (11264K)
 Metaspace       used 68847K, capacity 70688K, committed 71028K, reserved 1112064K
  class space    used 8713K, capacity 9374K, committed 9472K, reserved 1048576K
}
Event: 7.944 GC heap before
{Heap before GC invocations=11 (full 0):
 garbage-first heap   total 262144K, used 206285K [0x0000000080000000, 0x0000000100000000)
  region size 1024K, 116 young (118784K), 11 survivors (11264K)
 Metaspace       used 75212K, capacity 77175K, committed 77428K, reserved 1116160K
  class space    used 9715K, capacity 10399K, committed 10496K, reserved 1048576K
}
Event: 7.955 GC heap after
{Heap after GC invocations=12 (full 0):
 garbage-first heap   total 262144K, used 106086K [0x0000000080000000, 0x0000000100000000)
  region size 1024K, 15 young (15360K), 15 survivors (15360K)
 Metaspace       used 75212K, capacity 77175K, committed 77428K, reserved 1116160K
  class space    used 9715K, capacity 10399K, committed 10496K, reserved 1048576K
}
Event: 8.666 GC heap before
{Heap before GC invocations=12 (full 0):
 garbage-first heap   total 262144K, used 226918K [0x0000000080000000, 0x0000000100000000)
  region size 1024K, 116 young (118784K), 15 survivors (15360K)
 Metaspace       used 80614K, capacity 82822K, committed 83060K, reserved 1122304K
  class space    used 10353K, capacity 11157K, committed 11264K, reserved 1048576K
}
Event: 8.681 GC heap after
{Heap after GC invocations=13 (full 0):
 garbage-first heap   total 262144K, used 135931K [0x0000000080000000, 0x0000000100000000)
  region size 1024K, 15 young (15360K), 15 survivors (15360K)
 Metaspace       used 80614K, capacity 82822K, committed 83060K, reserved 1122304K
  class space    used 10353K, capacity 11157K, committed 11264K, reserved 1048576K
}
Event: 8.783 GC heap before
{Heap before GC invocations=13 (full 0):
 garbage-first heap   total 262144K, used 170747K [0x0000000080000000, 0x0000000100000000)
  region size 1024K, 50 young (51200K), 15 survivors (15360K)
 Metaspace       used 81947K, capacity 84106K, committed 84340K, reserved 1122304K
  class space    used 10500K, capacity 11259K, committed 11264K, reserved 1048576K
}
Event: 8.790 GC heap after
{Heap after GC invocations=14 (full 0):
 garbage-first heap   total 262144K, used 139264K [0x0000000080000000, 0x0000000100000000)
  region size 1024K, 3 young (3072K), 3 survivors (3072K)
 Metaspace       used 81947K, capacity 84106K, committed 84340K, reserved 1122304K
  class space    used 10500K, capacity 11259K, committed 11264K, reserved 1048576K
}
Event: 9.411 GC heap before
{Heap before GC invocations=15 (full 0):
 garbage-first heap   total 262144K, used 199680K [0x0000000080000000, 0x0000000100000000)
  region size 1024K, 61 young (62464K), 3 survivors (3072K)
 Metaspace       used 89284K, capacity 91520K, committed 91764K, reserved 1128448K
  class space    used 11390K, capacity 12178K, committed 12288K, reserved 1048576K
}
Event: 9.416 GC heap after
{Heap after GC invocations=16 (full 0):
 garbage-first heap   total 262144K, used 139257K [0x0000000080000000, 0x0000000100000000)
  region size 1024K, 3 young (3072K), 3 survivors (3072K)
 Metaspace       used 89284K, capacity 91520K, committed 91764K, reserved 1128448K
  class space    used 11390K, capacity 12178K, committed 12288K, reserved 1048576K
}
Event: 10.206 GC heap before
{Heap before GC invocations=16 (full 0):
 garbage-first heap   total 262144K, used 201721K [0x0000000080000000, 0x0000000100000000)
  region size 1024K, 64 young (65536K), 3 survivors (3072K)
 Metaspace       used 94318K, capacity 96637K, committed 96756K, reserved 1132544K
  class space    used 12021K, capacity 12846K, committed 12928K, reserved 1048576K
}
Event: 10.219 GC heap after
{Heap after GC invocations=17 (full 0):
 garbage-first heap   total 262144K, used 144965K [0x0000000080000000, 0x0000000100000000)
  region size 1024K, 8 young (8192K), 8 survivors (8192K)
 Metaspace       used 94318K, capacity 96637K, committed 96756K, reserved 1132544K
  class space    used 12021K, capacity 12846K, committed 12928K, reserved 1048576K
}
Event: 10.600 GC heap before
{Heap before GC invocations=18 (full 0):
 garbage-first heap   total 262144K, used 205381K [0x0000000080000000, 0x0000000100000000)
  region size 1024K, 68 young (69632K), 8 survivors (8192K)
 Metaspace       used 94833K, capacity 97139K, committed 97268K, reserved 1134592K
  class space    used 12036K, capacity 12852K, committed 12928K, reserved 1048576K
}
Event: 10.609 GC heap after
{Heap after GC invocations=19 (full 0):
 garbage-first heap   total 262144K, used 149468K [0x0000000080000000, 0x0000000100000000)
  region size 1024K, 5 young (5120K), 5 survivors (5120K)
 Metaspace       used 94833K, capacity 97139K, committed 97268K, reserved 1134592K
  class space    used 12036K, capacity 12852K, committed 12928K, reserved 1048576K
}

