# JRE version: OpenJDK Runtime Environment (11.0.13) (build 11.0.13+0-b1751.21-8125866)
# Java VM: OpenJDK 64-Bit Server VM (11.0.13+0-b1751.21-8125866, mixed mode, tiered, compressed oops, g1 gc, windows-amd64)
Heap:
 garbage-first heap   total 262144K, used 89216K [0x0000000080000000, 0x0000000100000000)
  region size 1024K, 72 young (73728K), 13 survivors (13312K)
 Metaspace       used 48192K, capacity 49356K, committed 49564K, reserved 1091584K
  class space    used 6101K, capacity 6518K, committed 6604K, reserved 1048576K
GC Heap History (10 events):
Event: 0.546 GC heap before
{Heap before GC invocations=0 (full 0):
 garbage-first heap   total 262144K, used 29696K [0x0000000080000000, 0x0000000100000000)
  region size 1024K, 24 young (24576K), 0 survivors (0K)
 Metaspace       used 10153K, capacity 10391K, committed 10624K, reserved 1058816K
  class space    used 1044K, capacity 1106K, committed 1152K, reserved 1048576K
}
Event: 0.549 GC heap after
{Heap after GC invocations=1 (full 0):
 garbage-first heap   total 262144K, used 9141K [0x0000000080000000, 0x0000000100000000)
  region size 1024K, 3 young (3072K), 3 survivors (3072K)
 Metaspace       used 10153K, capacity 10391K, committed 10624K, reserved 1058816K
  class space    used 1044K, capacity 1106K, committed 1152K, reserved 1048576K
}
Event: 1.847 GC heap before
{Heap before GC invocations=1 (full 0):
 garbage-first heap   total 262144K, used 113589K [0x0000000080000000, 0x0000000100000000)
  region size 1024K, 106 young (108544K), 3 survivors (3072K)
 Metaspace       used 20781K, capacity 21189K, committed 21296K, reserved 1069056K
  class space    used 2529K, capacity 2688K, committed 2688K, reserved 1048576K
}
Event: 1.855 GC heap after
{Heap after GC invocations=2 (full 0):
 garbage-first heap   total 262144K, used 17575K [0x0000000080000000, 0x0000000100000000)
  region size 1024K, 12 young (12288K), 12 survivors (12288K)
 Metaspace       used 20781K, capacity 21189K, committed 21296K, reserved 1069056K
  class space    used 2529K, capacity 2688K, committed 2688K, reserved 1048576K
}
Event: 2.027 GC heap before
{Heap before GC invocations=3 (full 0):
 garbage-first heap   total 262144K, used 39079K [0x0000000080000000, 0x0000000100000000)
  region size 1024K, 33 young (33792K), 12 survivors (12288K)
 Metaspace       used 22595K, capacity 23134K, committed 23420K, reserved 1069056K
  class space    used 2862K, capacity 3065K, committed 3072K, reserved 1048576K
}
Event: 2.032 GC heap after
{Heap after GC invocations=4 (full 0):
 garbage-first heap   total 262144K, used 17978K [0x0000000080000000, 0x0000000100000000)
  region size 1024K, 1 young (1024K), 1 survivors (1024K)
 Metaspace       used 22595K, capacity 23134K, committed 23420K, reserved 1069056K
  class space    used 2862K, capacity 3065K, committed 3072K, reserved 1048576K
}
Event: 3.023 GC heap before
{Heap before GC invocations=4 (full 0):
 garbage-first heap   total 262144K, used 115258K [0x0000000080000000, 0x0000000100000000)
  region size 1024K, 97 young (99328K), 1 survivors (1024K)
 Metaspace       used 35187K, capacity 35962K, committed 36048K, reserved 1081344K
  class space    used 4529K, capacity 4838K, committed 4864K, reserved 1048576K
}
Event: 3.031 GC heap after
{Heap after GC invocations=5 (full 0):
 garbage-first heap   total 262144K, used 22650K [0x0000000080000000, 0x0000000100000000)
  region size 1024K, 6 young (6144K), 6 survivors (6144K)
 Metaspace       used 35187K, capacity 35962K, committed 36048K, reserved 1081344K
  class space    used 4529K, capacity 4838K, committed 4864K, reserved 1048576K
}
Event: 4.279 GC heap before
{Heap before GC invocations=6 (full 0):
 garbage-first heap   total 262144K, used 151674K [0x0000000080000000, 0x0000000100000000)
  region size 1024K, 129 young (132096K), 6 survivors (6144K)
 Metaspace       used 45532K, capacity 46619K, committed 46876K, reserved 1089536K
  class space    used 5783K, capacity 6180K, committed 6220K, reserved 1048576K
}
Event: 4.287 GC heap after
{Heap after GC invocations=7 (full 0):
 garbage-first heap   total 262144K, used 29824K [0x0000000080000000, 0x0000000100000000)
  region size 1024K, 13 young (13312K), 13 survivors (13312K)
 Metaspace       used 45532K, capacity 46619K, committed 46876K, reserved 1089536K
  class space    used 5783K, capacity 6180K, committed 6220K, reserved 1048576K
}

