# JRE version: OpenJDK Runtime Environment (11.0.13) (build 11.0.13+0-b1751.21-8125866)
# Java VM: OpenJDK 64-Bit Server VM (11.0.13+0-b1751.21-8125866, mixed mode, tiered, compressed oops, g1 gc, windows-amd64)
Heap:
 garbage-first heap   total 262144K, used 212164K [0x0000000080000000, 0x0000000100000000)
  region size 1024K, 78 young (79872K), 6 survivors (6144K)
 Metaspace       used 96520K, capacity 99048K, committed 99328K, reserved 1134592K
  class space    used 12294K, capacity 13204K, committed 13312K, reserved 1048576K
GC Heap History (20 events):
Event: 2.154 GC heap before
{Heap before GC invocations=3 (full 0):
 garbage-first heap   total 262144K, used 55794K [0x0000000080000000, 0x0000000100000000)
  region size 1024K, 50 young (51200K), 11 survivors (11264K)
 Metaspace       used 24566K, capacity 25200K, committed 25472K, reserved 1071104K
  class space    used 3129K, capacity 3336K, committed 3456K, reserved 1048576K
}
Event: 2.160 GC heap after
{Heap after GC invocations=4 (full 0):
 garbage-first heap   total 262144K, used 18454K [0x0000000080000000, 0x0000000100000000)
  region size 1024K, 2 young (2048K), 2 survivors (2048K)
 Metaspace       used 24566K, capacity 25200K, committed 25472K, reserved 1071104K
  class space    used 3129K, capacity 3336K, committed 3456K, reserved 1048576K
}
Event: 3.114 GC heap before
{Heap before GC invocations=4 (full 0):
 garbage-first heap   total 262144K, used 136214K [0x0000000080000000, 0x0000000100000000)
  region size 1024K, 101 young (103424K), 2 survivors (2048K)
 Metaspace       used 34781K, capacity 35784K, committed 35840K, reserved 1081344K
  class space    used 4597K, capacity 4968K, committed 4992K, reserved 1048576K
}
Event: 3.122 GC heap after
{Heap after GC invocations=5 (full 0):
 garbage-first heap   total 262144K, used 44588K [0x0000000080000000, 0x0000000100000000)
  region size 1024K, 10 young (10240K), 10 survivors (10240K)
 Metaspace       used 34781K, capacity 35784K, committed 35840K, reserved 1081344K
  class space    used 4597K, capacity 4968K, committed 4992K, reserved 1048576K
}
Event: 4.207 GC heap before
{Heap before GC invocations=6 (full 0):
 garbage-first heap   total 262144K, used 177708K [0x0000000080000000, 0x0000000100000000)
  region size 1024K, 125 young (128000K), 10 survivors (10240K)
 Metaspace       used 46203K, capacity 47316K, committed 47488K, reserved 1091584K
  class space    used 5784K, capacity 6242K, committed 6272K, reserved 1048576K
}
Event: 4.217 GC heap after
{Heap after GC invocations=7 (full 0):
 garbage-first heap   total 262144K, used 67219K [0x0000000080000000, 0x0000000100000000)
  region size 1024K, 16 young (16384K), 16 survivors (16384K)
 Metaspace       used 46203K, capacity 47316K, committed 47488K, reserved 1091584K
  class space    used 5784K, capacity 6242K, committed 6272K, reserved 1048576K
}
Event: 5.127 GC heap before
{Heap before GC invocations=7 (full 0):
 garbage-first heap   total 262144K, used 197267K [0x0000000080000000, 0x0000000100000000)
  region size 1024K, 135 young (138240K), 16 survivors (16384K)
 Metaspace       used 51654K, capacity 53248K, committed 53504K, reserved 1095680K
  class space    used 6581K, capacity 7143K, committed 7168K, reserved 1048576K
}
Event: 5.140 GC heap after
{Heap after GC invocations=8 (full 0):
 garbage-first heap   total 262144K, used 85293K [0x0000000080000000, 0x0000000100000000)
  region size 1024K, 17 young (17408K), 17 survivors (17408K)
 Metaspace       used 51654K, capacity 53248K, committed 53504K, reserved 1095680K
  class space    used 6581K, capacity 7143K, committed 7168K, reserved 1048576K
}
Event: 5.661 GC heap before
{Heap before GC invocations=8 (full 0):
 garbage-first heap   total 262144K, used 143661K [0x0000000080000000, 0x0000000100000000)
  region size 1024K, 74 young (75776K), 17 survivors (17408K)
 Metaspace       used 58376K, capacity 60063K, committed 60160K, reserved 1101824K
  class space    used 7410K, capacity 8026K, committed 8064K, reserved 1048576K
}
Event: 5.677 GC heap after
{Heap after GC invocations=9 (full 0):
 garbage-first heap   total 262144K, used 91091K [0x0000000080000000, 0x0000000100000000)
  region size 1024K, 5 young (5120K), 5 survivors (5120K)
 Metaspace       used 58376K, capacity 60063K, committed 60160K, reserved 1101824K
  class space    used 7410K, capacity 8026K, committed 8064K, reserved 1048576K
}
Event: 6.809 GC heap before
{Heap before GC invocations=10 (full 0):
 garbage-first heap   total 262144K, used 209875K [0x0000000080000000, 0x0000000100000000)
  region size 1024K, 114 young (116736K), 5 survivors (5120K)
 Metaspace       used 68830K, capacity 70622K, committed 70912K, reserved 1110016K
  class space    used 8708K, capacity 9375K, committed 9472K, reserved 1048576K
}
Event: 6.819 GC heap after
{Heap after GC invocations=11 (full 0):
 garbage-first heap   total 262144K, used 97975K [0x0000000080000000, 0x0000000100000000)
  region size 1024K, 11 young (11264K), 11 survivors (11264K)
 Metaspace       used 68830K, capacity 70622K, committed 70912K, reserved 1110016K
  class space    used 8708K, capacity 9375K, committed 9472K, reserved 1048576K
}
Event: 7.641 GC heap before
{Heap before GC invocations=12 (full 0):
 garbage-first heap   total 262144K, used 206519K [0x0000000080000000, 0x0000000100000000)
  region size 1024K, 117 young (119808K), 11 survivors (11264K)
 Metaspace       used 75101K, capacity 77028K, committed 77312K, reserved 1116160K
  class space    used 9688K, capacity 10372K, committed 10496K, reserved 1048576K
}
Event: 7.651 GC heap after
{Heap after GC invocations=13 (full 0):
 garbage-first heap   total 262144K, used 105396K [0x0000000080000000, 0x0000000100000000)
  region size 1024K, 15 young (15360K), 15 survivors (15360K)
 Metaspace       used 75101K, capacity 77028K, committed 77312K, reserved 1116160K
  class space    used 9688K, capacity 10372K, committed 10496K, reserved 1048576K
}
Event: 8.351 GC heap before
{Heap before GC invocations=13 (full 0):
 garbage-first heap   total 262144K, used 227252K [0x0000000080000000, 0x0000000100000000)
  region size 1024K, 117 young (119808K), 15 survivors (15360K)
 Metaspace       used 80606K, capacity 82807K, committed 82816K, reserved 1120256K
  class space    used 10344K, capacity 11130K, committed 11136K, reserved 1048576K
}
Event: 8.363 GC heap after
{Heap after GC invocations=14 (full 0):
 garbage-first heap   total 262144K, used 134608K [0x0000000080000000, 0x0000000100000000)
  region size 1024K, 15 young (15360K), 15 survivors (15360K)
 Metaspace       used 80606K, capacity 82807K, committed 82816K, reserved 1120256K
  class space    used 10344K, capacity 11130K, committed 11136K, reserved 1048576K
}
Event: 8.664 GC heap before
{Heap before GC invocations=14 (full 0):
 garbage-first heap   total 262144K, used 212432K [0x0000000080000000, 0x0000000100000000)
  region size 1024K, 91 young (93184K), 15 survivors (15360K)
 Metaspace       used 83843K, capacity 86005K, committed 86272K, reserved 1124352K
  class space    used 10757K, capacity 11489K, committed 11520K, reserved 1048576K
}
Event: 8.672 GC heap after
{Heap after GC invocations=15 (full 0):
 garbage-first heap   total 262144K, used 137504K [0x0000000080000000, 0x0000000100000000)
  region size 1024K, 3 young (3072K), 3 survivors (3072K)
 Metaspace       used 83843K, capacity 86005K, committed 86272K, reserved 1124352K
  class space    used 10757K, capacity 11489K, committed 11520K, reserved 1048576K
}
Event: 9.355 GC heap before
{Heap before GC invocations=16 (full 0):
 garbage-first heap   total 262144K, used 215328K [0x0000000080000000, 0x0000000100000000)
  region size 1024K, 79 young (80896K), 3 survivors (3072K)
 Metaspace       used 92513K, capacity 94729K, committed 94848K, reserved 1132544K
  class space    used 11808K, capacity 12605K, committed 12672K, reserved 1048576K
}
Event: 9.361 GC heap after
{Heap after GC invocations=17 (full 0):
 garbage-first heap   total 262144K, used 140484K [0x0000000080000000, 0x0000000100000000)
  region size 1024K, 6 young (6144K), 6 survivors (6144K)
 Metaspace       used 92513K, capacity 94729K, committed 94848K, reserved 1132544K
  class space    used 11808K, capacity 12605K, committed 12672K, reserved 1048576K
}

