# JRE version: OpenJDK Runtime Environment (11.0.13) (build 11.0.13+0-b1751.21-8125866)
# Java VM: OpenJDK 64-Bit Server VM (11.0.13+0-b1751.21-8125866, mixed mode, tiered, compressed oops, g1 gc, windows-amd64)
Heap:
 garbage-first heap   total 262144K, used 143184K [0x0000000080000000, 0x0000000100000000)
  region size 1024K, 10 young (10240K), 2 survivors (2048K)
 Metaspace       used 127649K, capacity 132406K, committed 132572K, reserved 1163264K
  class space    used 16322K, capacity 18219K, committed 18252K, reserved 1048576K
GC Heap History (20 events):
Event: 20.964 GC heap before
{Heap before GC invocations=19 (full 0):
 garbage-first heap   total 262144K, used 207284K [0x0000000080000000, 0x0000000100000000)
  region size 1024K, 99 young (101376K), 10 survivors (10240K)
 Metaspace       used 98901K, capacity 101399K, committed 101500K, reserved 1138688K
  class space    used 12344K, capacity 13240K, committed 13260K, reserved 1048576K
}
Event: 20.978 GC heap after
{Heap after GC invocations=20 (full 0):
 garbage-first heap   total 262144K, used 122768K [0x0000000080000000, 0x0000000100000000)
  region size 1024K, 5 young (5120K), 5 survivors (5120K)
 Metaspace       used 98901K, capacity 101399K, committed 101500K, reserved 1138688K
  class space    used 12344K, capacity 13240K, committed 13260K, reserved 1048576K
}
Event: 25.532 GC heap before
{Heap before GC invocations=21 (full 0):
 garbage-first heap   total 262144K, used 199568K [0x0000000080000000, 0x0000000100000000)
  region size 1024K, 94 young (96256K), 5 survivors (5120K)
 Metaspace       used 101615K, capacity 103986K, committed 104668K, reserved 1140736K
  class space    used 12587K, capacity 13417K, committed 13644K, reserved 1048576K
}
Event: 25.542 GC heap after
{Heap after GC invocations=22 (full 0):
 garbage-first heap   total 262144K, used 115600K [0x0000000080000000, 0x0000000100000000)
  region size 1024K, 11 young (11264K), 11 survivors (11264K)
 Metaspace       used 101615K, capacity 103986K, committed 104668K, reserved 1140736K
  class space    used 12587K, capacity 13417K, committed 13644K, reserved 1048576K
}
Event: 25.550 GC heap before
{Heap before GC invocations=22 (full 0):
 garbage-first heap   total 262144K, used 116624K [0x0000000080000000, 0x0000000100000000)
  region size 1024K, 12 young (12288K), 11 survivors (11264K)
 Metaspace       used 101624K, capacity 103986K, committed 104668K, reserved 1140736K
  class space    used 12587K, capacity 13417K, committed 13644K, reserved 1048576K
}
Event: 25.558 GC heap after
{Heap after GC invocations=23 (full 0):
 garbage-first heap   total 262144K, used 106274K [0x0000000080000000, 0x0000000100000000)
  region size 1024K, 1 young (1024K), 1 survivors (1024K)
 Metaspace       used 101624K, capacity 103986K, committed 104668K, reserved 1140736K
  class space    used 12587K, capacity 13417K, committed 13644K, reserved 1048576K
}
Event: 26.302 GC heap before
{Heap before GC invocations=23 (full 0):
 garbage-first heap   total 262144K, used 206626K [0x0000000080000000, 0x0000000100000000)
  region size 1024K, 100 young (102400K), 1 survivors (1024K)
 Metaspace       used 104407K, capacity 106731K, committed 107228K, reserved 1142784K
  class space    used 12913K, capacity 13777K, committed 13900K, reserved 1048576K
}
Event: 26.332 GC heap after
{Heap after GC invocations=24 (full 0):
 garbage-first heap   total 262144K, used 115663K [0x0000000080000000, 0x0000000100000000)
  region size 1024K, 11 young (11264K), 11 survivors (11264K)
 Metaspace       used 104407K, capacity 106731K, committed 107228K, reserved 1142784K
  class space    used 12913K, capacity 13777K, committed 13900K, reserved 1048576K
}
Event: 28.398 GC heap before
{Heap before GC invocations=25 (full 0):
 garbage-first heap   total 262144K, used 210895K [0x0000000080000000, 0x0000000100000000)
  region size 1024K, 103 young (105472K), 11 survivors (11264K)
 Metaspace       used 111752K, capacity 114344K, committed 114396K, reserved 1148928K
  class space    used 13739K, capacity 14644K, committed 14668K, reserved 1048576K
}
Event: 28.414 GC heap after
{Heap after GC invocations=26 (full 0):
 garbage-first heap   total 262144K, used 132203K [0x0000000080000000, 0x0000000100000000)
  region size 1024K, 13 young (13312K), 13 survivors (13312K)
 Metaspace       used 111752K, capacity 114344K, committed 114396K, reserved 1148928K
  class space    used 13739K, capacity 14644K, committed 14668K, reserved 1048576K
}
Event: 28.432 GC heap before
{Heap before GC invocations=26 (full 0):
 garbage-first heap   total 262144K, used 133227K [0x0000000080000000, 0x0000000100000000)
  region size 1024K, 14 young (14336K), 13 survivors (13312K)
 Metaspace       used 111791K, capacity 114408K, committed 114652K, reserved 1148928K
  class space    used 13739K, capacity 14644K, committed 14668K, reserved 1048576K
}
Event: 28.442 GC heap after
{Heap after GC invocations=27 (full 0):
 garbage-first heap   total 262144K, used 132269K [0x0000000080000000, 0x0000000100000000)
  region size 1024K, 2 young (2048K), 2 survivors (2048K)
 Metaspace       used 111791K, capacity 114408K, committed 114652K, reserved 1148928K
  class space    used 13739K, capacity 14644K, committed 14668K, reserved 1048576K
}
Event: 28.660 GC heap before
{Heap before GC invocations=27 (full 0):
 garbage-first heap   total 262144K, used 147629K [0x0000000080000000, 0x0000000100000000)
  region size 1024K, 18 young (18432K), 2 survivors (2048K)
 Metaspace       used 112181K, capacity 114782K, committed 115036K, reserved 1148928K
  class space    used 13770K, capacity 14725K, committed 14796K, reserved 1048576K
}
Event: 28.664 GC heap after
{Heap after GC invocations=28 (full 0):
 garbage-first heap   total 262144K, used 131434K [0x0000000080000000, 0x0000000100000000)
  region size 1024K, 1 young (1024K), 1 survivors (1024K)
 Metaspace       used 112181K, capacity 114782K, committed 115036K, reserved 1148928K
  class space    used 13770K, capacity 14725K, committed 14796K, reserved 1048576K
}
Event: 29.415 GC heap before
{Heap before GC invocations=29 (full 0):
 garbage-first heap   total 262144K, used 212330K [0x0000000080000000, 0x0000000100000000)
  region size 1024K, 79 young (80896K), 1 survivors (1024K)
 Metaspace       used 122235K, capacity 126376K, committed 126428K, reserved 1159168K
  class space    used 15594K, capacity 17225K, committed 17228K, reserved 1048576K
}
Event: 29.425 GC heap after
{Heap after GC invocations=30 (full 0):
 garbage-first heap   total 262144K, used 142410K [0x0000000080000000, 0x0000000100000000)
  region size 1024K, 10 young (10240K), 10 survivors (10240K)
 Metaspace       used 122235K, capacity 126376K, committed 126428K, reserved 1159168K
  class space    used 15594K, capacity 17225K, committed 17228K, reserved 1048576K
}
Event: 29.444 GC heap before
{Heap before GC invocations=30 (full 0):
 garbage-first heap   total 262144K, used 144458K [0x0000000080000000, 0x0000000100000000)
  region size 1024K, 12 young (12288K), 10 survivors (10240K)
 Metaspace       used 122616K, capacity 126814K, committed 127068K, reserved 1159168K
  class space    used 15665K, capacity 17328K, committed 17356K, reserved 1048576K
}
Event: 29.455 GC heap after
{Heap after GC invocations=31 (full 0):
 garbage-first heap   total 262144K, used 136006K [0x0000000080000000, 0x0000000100000000)
  region size 1024K, 2 young (2048K), 2 survivors (2048K)
 Metaspace       used 122616K, capacity 126814K, committed 127068K, reserved 1159168K
  class space    used 15665K, capacity 17328K, committed 17356K, reserved 1048576K
}
Event: 29.977 GC heap before
{Heap before GC invocations=31 (full 0):
 garbage-first heap   total 262144K, used 207686K [0x0000000080000000, 0x0000000100000000)
  region size 1024K, 73 young (74752K), 2 survivors (2048K)
 Metaspace       used 127532K, capacity 132302K, committed 132572K, reserved 1163264K
  class space    used 16317K, capacity 18211K, committed 18252K, reserved 1048576K
}
Event: 29.984 GC heap after
{Heap after GC invocations=32 (full 0):
 garbage-first heap   total 262144K, used 136016K [0x0000000080000000, 0x0000000100000000)
  region size 1024K, 2 young (2048K), 2 survivors (2048K)
 Metaspace       used 127532K, capacity 132302K, committed 132572K, reserved 1163264K
  class space    used 16317K, capacity 18211K, committed 18252K, reserved 1048576K
}

