# JRE version: OpenJDK Runtime Environment (11.0.13) (build 11.0.13+0-b1751.21-8125866)
# Java VM: OpenJDK 64-Bit Server VM (11.0.13+0-b1751.21-8125866, mixed mode, tiered, compressed oops, g1 gc, windows-amd64)
Heap:
 garbage-first heap   total 262144K, used 158157K [0x0000000080000000, 0x0000000100000000)
  region size 1024K, 69 young (70656K), 16 survivors (16384K)
 Metaspace       used 90453K, capacity 93162K, committed 93392K, reserved 1130496K
  class space    used 11503K, capacity 12465K, committed 12544K, reserved 1048576K
GC Heap History (20 events):
Event: 4.492 GC heap before
{Heap before GC invocations=6 (full 0):
 garbage-first heap   total 262144K, used 136366K [0x0000000080000000, 0x0000000100000000)
  region size 1024K, 114 young (116736K), 6 survivors (6144K)
 Metaspace       used 44542K, capacity 45635K, committed 45776K, reserved 1089536K
  class space    used 5628K, capacity 6024K, committed 6144K, reserved 1048576K
}
Event: 4.502 GC heap after
{Heap after GC invocations=7 (full 0):
 garbage-first heap   total 262144K, used 29847K [0x0000000080000000, 0x0000000100000000)
  region size 1024K, 13 young (13312K), 13 survivors (13312K)
 Metaspace       used 44542K, capacity 45635K, committed 45776K, reserved 1089536K
  class space    used 5628K, capacity 6024K, committed 6144K, reserved 1048576K
}
Event: 5.651 GC heap before
{Heap before GC invocations=7 (full 0):
 garbage-first heap   total 262144K, used 157847K [0x0000000080000000, 0x0000000100000000)
  region size 1024K, 134 young (137216K), 13 survivors (13312K)
 Metaspace       used 51317K, capacity 52743K, committed 52816K, reserved 1095680K
  class space    used 6514K, capacity 7033K, committed 7040K, reserved 1048576K
}
Event: 5.663 GC heap after
{Heap after GC invocations=8 (full 0):
 garbage-first heap   total 262144K, used 43516K [0x0000000080000000, 0x0000000100000000)
  region size 1024K, 17 young (17408K), 17 survivors (17408K)
 Metaspace       used 51317K, capacity 52743K, committed 52816K, reserved 1095680K
  class space    used 6514K, capacity 7033K, committed 7040K, reserved 1048576K
}
Event: 6.288 GC heap before
{Heap before GC invocations=8 (full 0):
 garbage-first heap   total 262144K, used 94716K [0x0000000080000000, 0x0000000100000000)
  region size 1024K, 68 young (69632K), 17 survivors (17408K)
 Metaspace       used 58921K, capacity 60460K, committed 60508K, reserved 1101824K
  class space    used 7448K, capacity 8024K, committed 8064K, reserved 1048576K
}
Event: 6.301 GC heap after
{Heap after GC invocations=9 (full 0):
 garbage-first heap   total 262144K, used 45535K [0x0000000080000000, 0x0000000100000000)
  region size 1024K, 12 young (12288K), 12 survivors (12288K)
 Metaspace       used 58921K, capacity 60460K, committed 60508K, reserved 1101824K
  class space    used 7448K, capacity 8024K, committed 8064K, reserved 1048576K
}
Event: 7.316 GC heap before
{Heap before GC invocations=10 (full 0):
 garbage-first heap   total 262144K, used 187871K [0x0000000080000000, 0x0000000100000000)
  region size 1024K, 144 young (147456K), 12 survivors (12288K)
 Metaspace       used 65921K, capacity 67674K, committed 67920K, reserved 1107968K
  class space    used 8359K, capacity 8978K, committed 9088K, reserved 1048576K
}
Event: 7.327 GC heap after
{Heap after GC invocations=11 (full 0):
 garbage-first heap   total 262144K, used 55546K [0x0000000080000000, 0x0000000100000000)
  region size 1024K, 13 young (13312K), 13 survivors (13312K)
 Metaspace       used 65921K, capacity 67674K, committed 67920K, reserved 1107968K
  class space    used 8359K, capacity 8978K, committed 9088K, reserved 1048576K
}
Event: 8.504 GC heap before
{Heap before GC invocations=11 (full 0):
 garbage-first heap   total 262144K, used 186618K [0x0000000080000000, 0x0000000100000000)
  region size 1024K, 141 young (144384K), 13 survivors (13312K)
 Metaspace       used 76180K, capacity 77940K, committed 78160K, reserved 1116160K
  class space    used 9955K, capacity 10622K, committed 10624K, reserved 1048576K
}
Event: 8.518 GC heap after
{Heap after GC invocations=12 (full 0):
 garbage-first heap   total 262144K, used 63488K [0x0000000080000000, 0x0000000100000000)
  region size 1024K, 8 young (8192K), 8 survivors (8192K)
 Metaspace       used 76180K, capacity 77940K, committed 78160K, reserved 1116160K
  class space    used 9955K, capacity 10622K, committed 10624K, reserved 1048576K
}
Event: 9.752 GC heap before
{Heap before GC invocations=12 (full 0):
 garbage-first heap   total 262144K, used 194560K [0x0000000080000000, 0x0000000100000000)
  region size 1024K, 136 young (139264K), 8 survivors (8192K)
 Metaspace       used 83164K, capacity 85607K, committed 85840K, reserved 1124352K
  class space    used 10911K, capacity 11803K, committed 11904K, reserved 1048576K
}
Event: 9.764 GC heap after
{Heap after GC invocations=13 (full 0):
 garbage-first heap   total 262144K, used 72704K [0x0000000080000000, 0x0000000100000000)
  region size 1024K, 17 young (17408K), 17 survivors (17408K)
 Metaspace       used 83164K, capacity 85607K, committed 85840K, reserved 1124352K
  class space    used 10911K, capacity 11803K, committed 11904K, reserved 1048576K
}
Event: 11.136 GC heap before
{Heap before GC invocations=13 (full 0):
 garbage-first heap   total 262144K, used 199680K [0x0000000080000000, 0x0000000100000000)
  region size 1024K, 140 young (143360K), 17 survivors (17408K)
 Metaspace       used 86424K, capacity 88845K, committed 88912K, reserved 1126400K
  class space    used 11199K, capacity 12115K, committed 12160K, reserved 1048576K
}
Event: 11.158 GC heap after
{Heap after GC invocations=14 (full 0):
 garbage-first heap   total 262144K, used 78846K [0x0000000080000000, 0x0000000100000000)
  region size 1024K, 16 young (16384K), 16 survivors (16384K)
 Metaspace       used 86424K, capacity 88845K, committed 88912K, reserved 1126400K
  class space    used 11199K, capacity 12115K, committed 12160K, reserved 1048576K
}
Event: 83.597 GC heap before
{Heap before GC invocations=14 (full 0):
 garbage-first heap   total 262144K, used 201726K [0x0000000080000000, 0x0000000100000000)
  region size 1024K, 137 young (140288K), 16 survivors (16384K)
 Metaspace       used 88226K, capacity 90827K, committed 90960K, reserved 1128448K
  class space    used 11363K, capacity 12343K, committed 12416K, reserved 1048576K
}
Event: 83.654 GC heap after
{Heap after GC invocations=15 (full 0):
 garbage-first heap   total 262144K, used 87556K [0x0000000080000000, 0x0000000100000000)
  region size 1024K, 16 young (16384K), 16 survivors (16384K)
 Metaspace       used 88226K, capacity 90827K, committed 90960K, reserved 1128448K
  class space    used 11363K, capacity 12343K, committed 12416K, reserved 1048576K
}
Event: 86.533 GC heap before
{Heap before GC invocations=15 (full 0):
 garbage-first heap   total 262144K, used 207364K [0x0000000080000000, 0x0000000100000000)
  region size 1024K, 131 young (134144K), 16 survivors (16384K)
 Metaspace       used 89119K, capacity 91693K, committed 91984K, reserved 1128448K
  class space    used 11400K, capacity 12364K, committed 12416K, reserved 1048576K
}
Event: 86.551 GC heap after
{Heap after GC invocations=16 (full 0):
 garbage-first heap   total 262144K, used 89378K [0x0000000080000000, 0x0000000100000000)
  region size 1024K, 12 young (12288K), 12 survivors (12288K)
 Metaspace       used 89119K, capacity 91693K, committed 91984K, reserved 1128448K
  class space    used 11400K, capacity 12364K, committed 12416K, reserved 1048576K
}
Event: 175.178 GC heap before
{Heap before GC invocations=16 (full 0):
 garbage-first heap   total 262144K, used 209186K [0x0000000080000000, 0x0000000100000000)
  region size 1024K, 130 young (133120K), 12 survivors (12288K)
 Metaspace       used 89701K, capacity 92419K, committed 92496K, reserved 1130496K
  class space    used 11428K, capacity 12409K, committed 12416K, reserved 1048576K
}
Event: 175.190 GC heap after
{Heap after GC invocations=17 (full 0):
 garbage-first heap   total 262144K, used 98765K [0x0000000080000000, 0x0000000100000000)
  region size 1024K, 16 young (16384K), 16 survivors (16384K)
 Metaspace       used 89701K, capacity 92419K, committed 92496K, reserved 1130496K
  class space    used 11428K, capacity 12409K, committed 12416K, reserved 1048576K
}

